<?xml version="1.0" encoding="UTF-8"?>
<testng-results skipped="0" failed="0" ignored="0" total="1" passed="1">
  <reporter-output>
  </reporter-output>
  <suite name="Default suite" duration-ms="13359" started-at="2018-11-23T04:34:52Z" finished-at="2018-11-23T04:35:06Z">
    <groups>
      <group name="p0">
        <method signature="testExamlpe.Login()[pri:0, instance:script.testExamlpe@8646db9]" name="Login" class="script.testExamlpe"/>
      </group> <!-- p0 -->
    </groups>
    <test name="Default test" duration-ms="13359" started-at="2018-11-23T04:34:52Z" finished-at="2018-11-23T04:35:06Z">
      <class name="script.testExamlpe">
        <test-method status="PASS" signature="Login()[pri:0, instance:script.testExamlpe@8646db9]" name="Login" duration-ms="13330" started-at="2018-11-23T04:34:52Z" finished-at="2018-11-23T04:35:06Z">
          <reporter-output>
          </reporter-output>
        </test-method> <!-- Login -->
      </class> <!-- script.testExamlpe -->
    </test> <!-- Default test -->
  </suite> <!-- Default suite -->
</testng-results>
